o:\sswc\sswc\debug\vc120.pdb
o:\sswc\sswc\debug\vc120.idb
o:\sswc\sswc\debug\main.obj
o:\sswc\sswc\debug\program.obj
o:\sswc\sswc\debug\routine.obj
o:\sswc\sswc\debug\arb_multisample.obj
o:\sswc\sswc\debug\glcamera.obj
o:\sswc\sswc\debug\vector3.obj
o:\sswc\sswc\debug\app.obj
o:\sswc\sswc\debug\cspice.obj
o:\sswc\sswc\debug\cspicecore.obj
o:\sswc\sswc\debug\cspiceutil.obj
o:\sswc\sswc\debug\date.obj
o:\sswc\sswc\debug\frame.obj
o:\sswc\sswc\debug\matrix3x3.obj
o:\sswc\sswc\debug\orientation.obj
o:\sswc\sswc\debug\quantity.obj
o:\sswc\sswc\debug\spacebody.obj
o:\sswc\sswc\debug\spaceobject.obj
o:\sswc\sswc\debug\vector3t.obj
o:\sswc\sswc\debug\window.obj
o:\sswc\sswc\debug\tga.obj
o:\sswc\sswc\debug\planet.obj
o:\sswc\sswc\debug\scene.obj
o:\sswc\debug\sswc.ilk
o:\sswc\debug\sswc.exe
o:\sswc\debug\sswc.pdb
o:\sswc\sswc\debug\sswc.tlog\cl.command.1.tlog
o:\sswc\sswc\debug\sswc.tlog\cl.read.1.tlog
o:\sswc\sswc\debug\sswc.tlog\cl.write.1.tlog
o:\sswc\sswc\debug\sswc.tlog\link.command.1.tlog
o:\sswc\sswc\debug\sswc.tlog\link.read.1.tlog
o:\sswc\sswc\debug\sswc.tlog\link.write.1.tlog
